<?xml version="1.0" encoding="UTF-8"?>
<!-- Generated by org.testng.reporters.JUnitXMLReporter -->
<testsuite hostname="Manjushree" failures="1" tests="1" name="Default test(failed)" time="69.121" errors="0" timestamp="19 Apr 2020 11:55:55 GMT">
  <testcase classname="com.qa.sonyops.testcases.SmarttaskerPageTest" name="ValidateWorFlowTemplatesAreListingUnderProcessTemplate" time="32.61">
    <failure type="org.openqa.selenium.TimeoutException" message="Expected condition failed: waiting for element ([[ChromeDriver: chrome on WINDOWS (71924ece15af072db1bacca4848d2359)] -&amp;gt; xpath: (//div[@class=&amp;apos;go-button-wf&amp;apos;])[2]]) to be selected (tried for 30 second(s) with 500 milliseconds interval)
Build info: version: &amp;apos;3.141.59&amp;apos;, revision: &amp;apos;e82be7d358&amp;apos;, time: &amp;apos;2018-11-14T08:17:03&amp;apos;
System info: host: &amp;apos;MANJUSHREE&amp;apos;, ip: &amp;apos;192.168.43.108&amp;apos;, os.name: &amp;apos;Windows 8.1&amp;apos;, os.arch: &amp;apos;amd64&amp;apos;, os.version: &amp;apos;6.3&amp;apos;, java.version: &amp;apos;11.0.6&amp;apos;
Driver info: org.openqa.selenium.support.events.EventFiringWebDriver
Capabilities {acceptInsecureCerts: false, browserName: chrome, browserVersion: 80.0.3987.163, chrome: {chromedriverVersion: 79.0.3945.36 (3582db32b3389..., userDataDir: C:\Users\MANJUS~1\AppData\L...}, goog:chromeOptions: {debuggerAddress: localhost:49762}, javascriptEnabled: true, networkConnectionEnabled: false, pageLoadStrategy: normal, platform: WINDOWS, platformName: WINDOWS, proxy: Proxy(), setWindowRect: true, strictFileInteractability: false, timeouts: {implicit: 0, pageLoad: 300000, script: 30000}, unhandledPromptBehavior: dismiss and notify}
Session ID: 71924ece15af072db1bacca4848d2359">
      <![CDATA[org.openqa.selenium.TimeoutException: Expected condition failed: waiting for element ([[ChromeDriver: chrome on WINDOWS (71924ece15af072db1bacca4848d2359)] -> xpath: (//div[@class='go-button-wf'])[2]]) to be selected (tried for 30 second(s) with 500 milliseconds interval)
Build info: version: '3.141.59', revision: 'e82be7d358', time: '2018-11-14T08:17:03'
System info: host: 'MANJUSHREE', ip: '192.168.43.108', os.name: 'Windows 8.1', os.arch: 'amd64', os.version: '6.3', java.version: '11.0.6'
Driver info: org.openqa.selenium.support.events.EventFiringWebDriver
Capabilities {acceptInsecureCerts: false, browserName: chrome, browserVersion: 80.0.3987.163, chrome: {chromedriverVersion: 79.0.3945.36 (3582db32b3389..., userDataDir: C:\Users\MANJUS~1\AppData\L...}, goog:chromeOptions: {debuggerAddress: localhost:49762}, javascriptEnabled: true, networkConnectionEnabled: false, pageLoadStrategy: normal, platform: WINDOWS, platformName: WINDOWS, proxy: Proxy(), setWindowRect: true, strictFileInteractability: false, timeouts: {implicit: 0, pageLoad: 300000, script: 30000}, unhandledPromptBehavior: dismiss and notify}
Session ID: 71924ece15af072db1bacca4848d2359
	at org.openqa.selenium.support.ui.WebDriverWait.timeoutException(WebDriverWait.java:95)
	at org.openqa.selenium.support.ui.FluentWait.until(FluentWait.java:272)
	at com.qa.sonyops.util.TestUtil.CheckPresence(TestUtil.java:68)
	at com.qa.sonyops.pages.SmarttaskerPage.ClickOnProcessTemplateAndCheckAllTemplatesAreDisplaying(SmarttaskerPage.java:67)
	at com.qa.sonyops.testcases.SmarttaskerPageTest.ValidateWorFlowTemplatesAreListingUnderProcessTemplate(SmarttaskerPageTest.java:54)
... Removed 24 stack frames]]>
    </failure>
  </testcase> <!-- ValidateWorFlowTemplatesAreListingUnderProcessTemplate -->
</testsuite> <!-- Default test(failed) -->
