<?xml version="1.0" encoding="UTF-8"?>
<!-- Generated by org.testng.reporters.JUnitXMLReporter -->
<testsuite ignored="4" hostname="PFTBLR-RMZ-021" failures="0" tests="2" name="Default test" time="0.868" errors="0" timestamp="16 Feb 2021 17:25:35 GMT">
  <testcase classname="com.qa.sonyops.base.BaseClass" name="@BeforeClass LoadChromeDataToTempFolder" time="0.0">
    <failure type="org.testng.TestNGException" message="
Parameter &amp;apos;ce_url1&amp;apos; is required by BeforeClass on method LoadChromeDataToTempFolder but has not been marked @Optional or defined
in C:\Users\shilpashree.k\AppData\Local\Temp\testng-eclipse--1906325570\testng-customsuite.xml">
      <![CDATA[org.testng.TestNGException: 
Parameter 'ce_url1' is required by BeforeClass on method LoadChromeDataToTempFolder but has not been marked @Optional or defined
in C:\Users\shilpashree.k\AppData\Local\Temp\testng-eclipse--1906325570\testng-customsuite.xml
	at org.testng.internal.Parameters.createParameters(Parameters.java:199)
	at org.testng.internal.Parameters.createParameters(Parameters.java:443)
	at org.testng.internal.Parameters.createConfigurationParameters(Parameters.java:118)
	at org.testng.internal.Invoker.invokeConfigurations(Invoker.java:203)
	at org.testng.internal.Invoker.invokeConfigurations(Invoker.java:144)
	at org.testng.internal.TestMethodWorker.invokeBeforeClassMethods(TestMethodWorker.java:169)
	at org.testng.internal.TestMethodWorker.run(TestMethodWorker.java:108)
	at org.testng.TestRunner.privateRun(TestRunner.java:756)
	at org.testng.TestRunner.run(TestRunner.java:610)
	at org.testng.SuiteRunner.runTest(SuiteRunner.java:387)
	at org.testng.SuiteRunner.runSequentially(SuiteRunner.java:382)
	at org.testng.SuiteRunner.privateRun(SuiteRunner.java:340)
	at org.testng.SuiteRunner.run(SuiteRunner.java:289)
	at org.testng.SuiteRunnerWorker.runSuite(SuiteRunnerWorker.java:52)
	at org.testng.SuiteRunnerWorker.run(SuiteRunnerWorker.java:86)
	at org.testng.TestNG.runSuitesSequentially(TestNG.java:1293)
	at org.testng.TestNG.runSuitesLocally(TestNG.java:1218)
	at org.testng.TestNG.runSuites(TestNG.java:1133)
	at org.testng.TestNG.run(TestNG.java:1104)
	at org.testng.remote.AbstractRemoteTestNG.run(AbstractRemoteTestNG.java:115)
	at org.testng.remote.RemoteTestNG.initAndRun(RemoteTestNG.java:251)
	at org.testng.remote.RemoteTestNG.main(RemoteTestNG.java:77)
]]>
    </failure>
  </testcase> <!-- @BeforeClass LoadChromeDataToTempFolder -->
  <testcase classname="com.qa.sonyops.testcases.LoginPageCETest" name="@BeforeMethod initialization" time="0.0">
    <skipped/>
  </testcase> <!-- @BeforeMethod initialization -->
  <testcase classname="com.qa.sonyops.testcases.LoginPageCETest" name="@AfterMethod tearDown" time="0.0">
    <skipped/>
  </testcase> <!-- @AfterMethod tearDown -->
  <testcase classname="com.qa.sonyops.testcases.LoginPageCETest" name="@BeforeMethod initialization" time="0.0">
    <skipped/>
  </testcase> <!-- @BeforeMethod initialization -->
  <testcase classname="com.qa.sonyops.testcases.LoginPageCETest" name="@AfterMethod tearDown" time="0.0">
    <skipped/>
  </testcase> <!-- @AfterMethod tearDown -->
  <testcase classname="com.qa.sonyops.base.BaseClass" name="@AfterTest endReport" time="0.0">
    <skipped/>
  </testcase> <!-- @AfterTest endReport -->
  <testcase classname="com.qa.sonyops.testcases.LoginPageCETest" name="ValidateLoginToCEportal" time="0.005">
    <skipped/>
  </testcase> <!-- ValidateLoginToCEportal -->
  <testcase classname="com.qa.sonyops.testcases.LoginPageCETest" name="ValidateLoginToCEportal" time="0.001">
    <skipped/>
  </testcase> <!-- ValidateLoginToCEportal -->
  <testcase classname="com.qa.sonyops.testcases.LoginPageCETest" name="ValidateLinksOnLoginPage" time="0.0">
    <ignored/>
  </testcase> <!-- ValidateLinksOnLoginPage -->
  <testcase classname="com.qa.sonyops.testcases.LoginPageCETest" name="ValidateClearLogoisDisplayedinLoginPage" time="0.0">
    <ignored/>
  </testcase> <!-- ValidateClearLogoisDisplayedinLoginPage -->
  <testcase classname="com.qa.sonyops.testcases.LoginPageCETest" name="ValidateCopyRightTextOnLoginPage" time="0.0">
    <ignored/>
  </testcase> <!-- ValidateCopyRightTextOnLoginPage -->
  <testcase classname="com.qa.sonyops.testcases.LoginPageCETest" name="ValidateLoginPageTitle" time="0.0">
    <ignored/>
  </testcase> <!-- ValidateLoginPageTitle -->
</testsuite> <!-- Default test -->
