<html>
<head>
<title>TestNG:  SonyOps Test cases</title>
<link href="../testng.css" rel="stylesheet" type="text/css" />
<link href="../my-testng.css" rel="stylesheet" type="text/css" />

<style type="text/css">
.log { display: none;} 
.stack-trace { display: none;} 
</style>
<script type="text/javascript">
<!--
function flip(e) {
  current = e.style.display;
  if (current == 'block') {
    e.style.display = 'none';
    return 0;
  }
  else {
    e.style.display = 'block';
    return 1;
  }
}

function toggleBox(szDivId, elem, msg1, msg2)
{
  var res = -1;  if (document.getElementById) {
    res = flip(document.getElementById(szDivId));
  }
  else if (document.all) {
    // this is the way old msie versions work
    res = flip(document.all[szDivId]);
  }
  if(elem) {
    if(res == 0) elem.innerHTML = msg1; else elem.innerHTML = msg2;
  }

}

function toggleAllBoxes() {
  if (document.getElementsByTagName) {
    d = document.getElementsByTagName('div');
    for (i = 0; i < d.length; i++) {
      if (d[i].className == 'log') {
        flip(d[i]);
      }
    }
  }
}

// -->
</script>

</head>
<body>
<h2 align='center'>SonyOps Test cases</h2><table border='1' align="center">
<tr>
<td>Tests passed/Failed/Skipped:</td><td>14/3/6</td>
</tr><tr>
<td>Started on:</td><td>Tue Apr 27 18:28:34 IST 2021</td>
</tr>
<tr><td>Total time:</td><td>2197 seconds (2197468 ms)</td>
</tr><tr>
<td>Included groups:</td><td></td>
</tr><tr>
<td>Excluded groups:</td><td></td>
</tr>
</table><p/>
<small><i>(Hover the method name to see the test class name)</i></small><p/>
<table width='100%' border='1' class='invocation-failed'>
<tr><td colspan='4' align='center'><b>FAILED TESTS</b></td></tr>
<tr><td><b>Test method</b></td>
<td width="30%"><b>Exception</b></td>
<td width="10%"><b>Time (seconds)</b></td>
<td><b>Instance</b></td>
</tr>
<tr>
<td title='com.qa.sonyops.testcases.SearchLibraryPageTest.ValidateFilterOptionsInSearchLibrary()'><b>ValidateFilterOptionsInSearchLibrary</b><br>Test class: com.qa.sonyops.testcases.SearchLibraryPageTest</td>
<td><div><pre>java.lang.AssertionError: All the filter options are not displaying expected [9] but found [5]
	at com.qa.sonyops.testcases.SearchLibraryPageTest.ValidateFilterOptionsInSearchLibrary(SearchLibraryPageTest.java:168)
... Removed 30 stack frames</pre></div><a href='#' onClick='toggleBox("stack-trace1492286519", this, "Click to show all stack frames", "Click to hide stack frames")'>Click to show all stack frames</a>
<div class='stack-trace' id='stack-trace1492286519'><pre>java.lang.AssertionError: All the filter options are not displaying expected [9] but found [5]
	at org.testng.Assert.fail(Assert.java:94)
	at org.testng.Assert.failNotEquals(Assert.java:513)
	at org.testng.Assert.assertEqualsImpl(Assert.java:135)
	at org.testng.Assert.assertEquals(Assert.java:116)
	at org.testng.Assert.assertEquals(Assert.java:389)
	at com.qa.sonyops.testcases.SearchLibraryPageTest.ValidateFilterOptionsInSearchLibrary(SearchLibraryPageTest.java:168)
	at java.base/jdk.internal.reflect.NativeMethodAccessorImpl.invoke0(Native Method)
	at java.base/jdk.internal.reflect.NativeMethodAccessorImpl.invoke(NativeMethodAccessorImpl.java:62)
	at java.base/jdk.internal.reflect.DelegatingMethodAccessorImpl.invoke(DelegatingMethodAccessorImpl.java:43)
	at java.base/java.lang.reflect.Method.invoke(Method.java:567)
	at org.testng.internal.MethodInvocationHelper.invokeMethod(MethodInvocationHelper.java:104)
	at org.testng.internal.Invoker.invokeMethod(Invoker.java:645)
	at org.testng.internal.Invoker.retryFailed(Invoker.java:998)
	at org.testng.internal.Invoker.invokeTestMethods(Invoker.java:1200)
	at org.testng.internal.TestMethodWorker.invokeTestMethods(TestMethodWorker.java:129)
	at org.testng.internal.TestMethodWorker.run(TestMethodWorker.java:112)
	at org.testng.TestRunner.privateRun(TestRunner.java:756)
	at org.testng.TestRunner.run(TestRunner.java:610)
	at org.testng.SuiteRunner.runTest(SuiteRunner.java:387)
	at org.testng.SuiteRunner.runSequentially(SuiteRunner.java:382)
	at org.testng.SuiteRunner.privateRun(SuiteRunner.java:340)
	at org.testng.SuiteRunner.run(SuiteRunner.java:289)
	at org.testng.SuiteRunnerWorker.runSuite(SuiteRunnerWorker.java:52)
	at org.testng.SuiteRunnerWorker.run(SuiteRunnerWorker.java:86)
	at org.testng.TestNG.runSuitesSequentially(TestNG.java:1293)
	at org.testng.TestNG.runSuitesLocally(TestNG.java:1218)
	at org.testng.TestNG.runSuites(TestNG.java:1133)
	at org.testng.TestNG.run(TestNG.java:1104)
	at org.testng.remote.AbstractRemoteTestNG.run(AbstractRemoteTestNG.java:115)
	at org.testng.remote.RemoteTestNG.initAndRun(RemoteTestNG.java:251)
	at org.testng.remote.RemoteTestNG.main(RemoteTestNG.java:77)
</pre></div></td>
<td>2</td>
<td>com.qa.sonyops.testcases.SearchLibraryPageTest@20140db9</td></tr>
<tr>
<td title='com.qa.sonyops.testcases.SearchLibraryPageTest.ValidateStandalonePlayerIsStreaming()'><b>ValidateStandalonePlayerIsStreaming</b><br>Test class: com.qa.sonyops.testcases.SearchLibraryPageTest</td>
<td><div><pre>java.lang.AssertionError: Streaming is not happening expected [true] but found [false]
	at com.qa.sonyops.testcases.SearchLibraryPageTest.ValidateStandalonePlayerIsStreaming(SearchLibraryPageTest.java:66)
... Removed 28 stack frames</pre></div><a href='#' onClick='toggleBox("stack-trace1544765522", this, "Click to show all stack frames", "Click to hide stack frames")'>Click to show all stack frames</a>
<div class='stack-trace' id='stack-trace1544765522'><pre>java.lang.AssertionError: Streaming is not happening expected [true] but found [false]
	at org.testng.Assert.fail(Assert.java:94)
	at org.testng.Assert.failNotEquals(Assert.java:513)
	at org.testng.Assert.assertTrue(Assert.java:42)
	at com.qa.sonyops.testcases.SearchLibraryPageTest.ValidateStandalonePlayerIsStreaming(SearchLibraryPageTest.java:66)
	at java.base/jdk.internal.reflect.NativeMethodAccessorImpl.invoke0(Native Method)
	at java.base/jdk.internal.reflect.NativeMethodAccessorImpl.invoke(NativeMethodAccessorImpl.java:62)
	at java.base/jdk.internal.reflect.DelegatingMethodAccessorImpl.invoke(DelegatingMethodAccessorImpl.java:43)
	at java.base/java.lang.reflect.Method.invoke(Method.java:567)
	at org.testng.internal.MethodInvocationHelper.invokeMethod(MethodInvocationHelper.java:104)
	at org.testng.internal.Invoker.invokeMethod(Invoker.java:645)
	at org.testng.internal.Invoker.retryFailed(Invoker.java:998)
	at org.testng.internal.Invoker.invokeTestMethods(Invoker.java:1200)
	at org.testng.internal.TestMethodWorker.invokeTestMethods(TestMethodWorker.java:129)
	at org.testng.internal.TestMethodWorker.run(TestMethodWorker.java:112)
	at org.testng.TestRunner.privateRun(TestRunner.java:756)
	at org.testng.TestRunner.run(TestRunner.java:610)
	at org.testng.SuiteRunner.runTest(SuiteRunner.java:387)
	at org.testng.SuiteRunner.runSequentially(SuiteRunner.java:382)
	at org.testng.SuiteRunner.privateRun(SuiteRunner.java:340)
	at org.testng.SuiteRunner.run(SuiteRunner.java:289)
	at org.testng.SuiteRunnerWorker.runSuite(SuiteRunnerWorker.java:52)
	at org.testng.SuiteRunnerWorker.run(SuiteRunnerWorker.java:86)
	at org.testng.TestNG.runSuitesSequentially(TestNG.java:1293)
	at org.testng.TestNG.runSuitesLocally(TestNG.java:1218)
	at org.testng.TestNG.runSuites(TestNG.java:1133)
	at org.testng.TestNG.run(TestNG.java:1104)
	at org.testng.remote.AbstractRemoteTestNG.run(AbstractRemoteTestNG.java:115)
	at org.testng.remote.RemoteTestNG.initAndRun(RemoteTestNG.java:251)
	at org.testng.remote.RemoteTestNG.main(RemoteTestNG.java:77)
</pre></div></td>
<td>304</td>
<td>com.qa.sonyops.testcases.SearchLibraryPageTest@20140db9</td></tr>
<tr>
<td title='com.qa.sonyops.testcases.SearchLibraryPageTest.ValidateStreamingFromAssetDetailPopUp()'><b>ValidateStreamingFromAssetDetailPopUp</b><br>Test class: com.qa.sonyops.testcases.SearchLibraryPageTest</td>
<td><div><pre>java.lang.AssertionError: expected [true] but found [false]
	at com.qa.sonyops.testcases.SearchLibraryPageTest.ValidateStreamingFromAssetDetailPopUp(SearchLibraryPageTest.java:134)
... Removed 29 stack frames</pre></div><a href='#' onClick='toggleBox("stack-trace991026870", this, "Click to show all stack frames", "Click to hide stack frames")'>Click to show all stack frames</a>
<div class='stack-trace' id='stack-trace991026870'><pre>java.lang.AssertionError: expected [true] but found [false]
	at org.testng.Assert.fail(Assert.java:94)
	at org.testng.Assert.failNotEquals(Assert.java:513)
	at org.testng.Assert.assertTrue(Assert.java:42)
	at org.testng.Assert.assertTrue(Assert.java:52)
	at com.qa.sonyops.testcases.SearchLibraryPageTest.ValidateStreamingFromAssetDetailPopUp(SearchLibraryPageTest.java:134)
	at java.base/jdk.internal.reflect.NativeMethodAccessorImpl.invoke0(Native Method)
	at java.base/jdk.internal.reflect.NativeMethodAccessorImpl.invoke(NativeMethodAccessorImpl.java:62)
	at java.base/jdk.internal.reflect.DelegatingMethodAccessorImpl.invoke(DelegatingMethodAccessorImpl.java:43)
	at java.base/java.lang.reflect.Method.invoke(Method.java:567)
	at org.testng.internal.MethodInvocationHelper.invokeMethod(MethodInvocationHelper.java:104)
	at org.testng.internal.Invoker.invokeMethod(Invoker.java:645)
	at org.testng.internal.Invoker.retryFailed(Invoker.java:998)
	at org.testng.internal.Invoker.invokeTestMethods(Invoker.java:1200)
	at org.testng.internal.TestMethodWorker.invokeTestMethods(TestMethodWorker.java:129)
	at org.testng.internal.TestMethodWorker.run(TestMethodWorker.java:112)
	at org.testng.TestRunner.privateRun(TestRunner.java:756)
	at org.testng.TestRunner.run(TestRunner.java:610)
	at org.testng.SuiteRunner.runTest(SuiteRunner.java:387)
	at org.testng.SuiteRunner.runSequentially(SuiteRunner.java:382)
	at org.testng.SuiteRunner.privateRun(SuiteRunner.java:340)
	at org.testng.SuiteRunner.run(SuiteRunner.java:289)
	at org.testng.SuiteRunnerWorker.runSuite(SuiteRunnerWorker.java:52)
	at org.testng.SuiteRunnerWorker.run(SuiteRunnerWorker.java:86)
	at org.testng.TestNG.runSuitesSequentially(TestNG.java:1293)
	at org.testng.TestNG.runSuitesLocally(TestNG.java:1218)
	at org.testng.TestNG.runSuites(TestNG.java:1133)
	at org.testng.TestNG.run(TestNG.java:1104)
	at org.testng.remote.AbstractRemoteTestNG.run(AbstractRemoteTestNG.java:115)
	at org.testng.remote.RemoteTestNG.initAndRun(RemoteTestNG.java:251)
	at org.testng.remote.RemoteTestNG.main(RemoteTestNG.java:77)
</pre></div></td>
<td>303</td>
<td>com.qa.sonyops.testcases.SearchLibraryPageTest@20140db9</td></tr>
</table><p>
<table width='100%' border='1' class='invocation-passed'>
<tr><td colspan='4' align='center'><b>PASSED TESTS</b></td></tr>
<tr><td><b>Test method</b></td>
<td width="30%"><b>Exception</b></td>
<td width="10%"><b>Time (seconds)</b></td>
<td><b>Instance</b></td>
</tr>
<tr>
<td title='com.qa.sonyops.testcases.SearchLibraryPageTest.ValidateAssetDetailsIsDisplaying()'><b>ValidateAssetDetailsIsDisplaying</b><br>Test class: com.qa.sonyops.testcases.SearchLibraryPageTest</td>
<td></td>
<td>0</td>
<td>com.qa.sonyops.testcases.SearchLibraryPageTest@20140db9</td></tr>
<tr>
<td title='com.qa.sonyops.testcases.SearchLibraryPageTest.ValidateAssetsAreDisplayingInGridView()'><b>ValidateAssetsAreDisplayingInGridView</b><br>Test class: com.qa.sonyops.testcases.SearchLibraryPageTest</td>
<td></td>
<td>0</td>
<td>com.qa.sonyops.testcases.SearchLibraryPageTest@20140db9</td></tr>
<tr>
<td title='com.qa.sonyops.testcases.SearchLibraryPageTest.ValidateAssetsAreDisplayingInListView()'><b>ValidateAssetsAreDisplayingInListView</b><br>Test class: com.qa.sonyops.testcases.SearchLibraryPageTest</td>
<td></td>
<td>0</td>
<td>com.qa.sonyops.testcases.SearchLibraryPageTest@20140db9</td></tr>
<tr>
<td title='com.qa.sonyops.testcases.SearchLibraryPageTest.ValidateAuditTrialTabDetails()'><b>ValidateAuditTrialTabDetails</b><br>Test class: com.qa.sonyops.testcases.SearchLibraryPageTest</td>
<td></td>
<td>3</td>
<td>com.qa.sonyops.testcases.SearchLibraryPageTest@20140db9</td></tr>
<tr>
<td title='com.qa.sonyops.testcases.SearchLibraryPageTest.ValidateCartCount_WithAssetsAdded()'><b>ValidateCartCount_WithAssetsAdded</b><br>Test class: com.qa.sonyops.testcases.SearchLibraryPageTest</td>
<td></td>
<td>0</td>
<td>com.qa.sonyops.testcases.SearchLibraryPageTest@20140db9</td></tr>
<tr>
<td title='com.qa.sonyops.testcases.SearchLibraryPageTest.ValidateCartPageIsDisplaying()'><b>ValidateCartPageIsDisplaying</b><br>Test class: com.qa.sonyops.testcases.SearchLibraryPageTest</td>
<td></td>
<td>0</td>
<td>com.qa.sonyops.testcases.SearchLibraryPageTest@20140db9</td></tr>
<tr>
<td title='com.qa.sonyops.testcases.SearchLibraryPageTest.ValidateContentsCount()'><b>ValidateContentsCount</b><br>Test class: com.qa.sonyops.testcases.SearchLibraryPageTest</td>
<td></td>
<td>4</td>
<td>com.qa.sonyops.testcases.SearchLibraryPageTest@20140db9</td></tr>
<tr>
<td title='com.qa.sonyops.testcases.SearchLibraryPageTest.ValidateEssenceTabDetails()'><b>ValidateEssenceTabDetails</b><br>Test class: com.qa.sonyops.testcases.SearchLibraryPageTest</td>
<td></td>
<td>3</td>
<td>com.qa.sonyops.testcases.SearchLibraryPageTest@20140db9</td></tr>
<tr>
<td title='com.qa.sonyops.testcases.SearchLibraryPageTest.ValidateInformationModeIsDiaplaying()'><b>ValidateInformationModeIsDiaplaying</b><br>Test class: com.qa.sonyops.testcases.SearchLibraryPageTest</td>
<td></td>
<td>0</td>
<td>com.qa.sonyops.testcases.SearchLibraryPageTest@20140db9</td></tr>
<tr>
<td title='com.qa.sonyops.testcases.SearchLibraryPageTest.ValidateMetaDataInAssetDetailsPopUp()'><b>ValidateMetaDataInAssetDetailsPopUp</b><br>Test class: com.qa.sonyops.testcases.SearchLibraryPageTest</td>
<td></td>
<td>2</td>
<td>com.qa.sonyops.testcases.SearchLibraryPageTest@20140db9</td></tr>
<tr>
<td title='com.qa.sonyops.testcases.SearchLibraryPageTest.ValidateOpsactionTab()'><b>ValidateOpsactionTab</b><br>Test class: com.qa.sonyops.testcases.SearchLibraryPageTest</td>
<td></td>
<td>2</td>
<td>com.qa.sonyops.testcases.SearchLibraryPageTest@20140db9</td></tr>
<tr>
<td title='com.qa.sonyops.testcases.SearchLibraryPageTest.ValidateSortOptionsInSearchLibrary()'><b>ValidateSortOptionsInSearchLibrary</b><br>Test class: com.qa.sonyops.testcases.SearchLibraryPageTest</td>
<td></td>
<td>0</td>
<td>com.qa.sonyops.testcases.SearchLibraryPageTest@20140db9</td></tr>
<tr>
<td title='com.qa.sonyops.testcases.SearchLibraryPageTest.ValidateSortOptionsIsDisplaying()'><b>ValidateSortOptionsIsDisplaying</b><br>Test class: com.qa.sonyops.testcases.SearchLibraryPageTest</td>
<td></td>
<td>0</td>
<td>com.qa.sonyops.testcases.SearchLibraryPageTest@20140db9</td></tr>
<tr>
<td title='com.qa.sonyops.testcases.SearchLibraryPageTest.ValidateStandalonePlayerIsDisplaying()'><b>ValidateStandalonePlayerIsDisplaying</b><br>Test class: com.qa.sonyops.testcases.SearchLibraryPageTest</td>
<td></td>
<td>3</td>
<td>com.qa.sonyops.testcases.SearchLibraryPageTest@20140db9</td></tr>
</table><p>
<table width='100%' border='1' class='invocation-skipped'>
<tr><td colspan='4' align='center'><b>SKIPPED TESTS</b></td></tr>
<tr><td><b>Test method</b></td>
<td width="30%"><b>Exception</b></td>
<td width="10%"><b>Time (seconds)</b></td>
<td><b>Instance</b></td>
</tr>
<tr>
<td title='com.qa.sonyops.testcases.SearchLibraryPageTest.ValidateFilterOptionsInSearchLibrary()'><b>ValidateFilterOptionsInSearchLibrary</b><br>Test class: com.qa.sonyops.testcases.SearchLibraryPageTest</td>
<td><div><pre>java.lang.AssertionError: All the filter options are not displaying expected [9] but found [5]
	at com.qa.sonyops.testcases.SearchLibraryPageTest.ValidateFilterOptionsInSearchLibrary(SearchLibraryPageTest.java:168)
... Removed 30 stack frames</pre></div><a href='#' onClick='toggleBox("stack-trace6137753", this, "Click to show all stack frames", "Click to hide stack frames")'>Click to show all stack frames</a>
<div class='stack-trace' id='stack-trace6137753'><pre>java.lang.AssertionError: All the filter options are not displaying expected [9] but found [5]
	at org.testng.Assert.fail(Assert.java:94)
	at org.testng.Assert.failNotEquals(Assert.java:513)
	at org.testng.Assert.assertEqualsImpl(Assert.java:135)
	at org.testng.Assert.assertEquals(Assert.java:116)
	at org.testng.Assert.assertEquals(Assert.java:389)
	at com.qa.sonyops.testcases.SearchLibraryPageTest.ValidateFilterOptionsInSearchLibrary(SearchLibraryPageTest.java:168)
	at java.base/jdk.internal.reflect.NativeMethodAccessorImpl.invoke0(Native Method)
	at java.base/jdk.internal.reflect.NativeMethodAccessorImpl.invoke(NativeMethodAccessorImpl.java:62)
	at java.base/jdk.internal.reflect.DelegatingMethodAccessorImpl.invoke(DelegatingMethodAccessorImpl.java:43)
	at java.base/java.lang.reflect.Method.invoke(Method.java:567)
	at org.testng.internal.MethodInvocationHelper.invokeMethod(MethodInvocationHelper.java:104)
	at org.testng.internal.Invoker.invokeMethod(Invoker.java:645)
	at org.testng.internal.Invoker.invokeTestMethod(Invoker.java:851)
	at org.testng.internal.Invoker.invokeTestMethods(Invoker.java:1177)
	at org.testng.internal.TestMethodWorker.invokeTestMethods(TestMethodWorker.java:129)
	at org.testng.internal.TestMethodWorker.run(TestMethodWorker.java:112)
	at org.testng.TestRunner.privateRun(TestRunner.java:756)
	at org.testng.TestRunner.run(TestRunner.java:610)
	at org.testng.SuiteRunner.runTest(SuiteRunner.java:387)
	at org.testng.SuiteRunner.runSequentially(SuiteRunner.java:382)
	at org.testng.SuiteRunner.privateRun(SuiteRunner.java:340)
	at org.testng.SuiteRunner.run(SuiteRunner.java:289)
	at org.testng.SuiteRunnerWorker.runSuite(SuiteRunnerWorker.java:52)
	at org.testng.SuiteRunnerWorker.run(SuiteRunnerWorker.java:86)
	at org.testng.TestNG.runSuitesSequentially(TestNG.java:1293)
	at org.testng.TestNG.runSuitesLocally(TestNG.java:1218)
	at org.testng.TestNG.runSuites(TestNG.java:1133)
	at org.testng.TestNG.run(TestNG.java:1104)
	at org.testng.remote.AbstractRemoteTestNG.run(AbstractRemoteTestNG.java:115)
	at org.testng.remote.RemoteTestNG.initAndRun(RemoteTestNG.java:251)
	at org.testng.remote.RemoteTestNG.main(RemoteTestNG.java:77)
</pre></div></td>
<td>2</td>
<td>com.qa.sonyops.testcases.SearchLibraryPageTest@20140db9</td></tr>
<tr>
<td title='com.qa.sonyops.testcases.SearchLibraryPageTest.ValidateFilterOptionsInSearchLibrary()'><b>ValidateFilterOptionsInSearchLibrary</b><br>Test class: com.qa.sonyops.testcases.SearchLibraryPageTest</td>
<td><div><pre>java.lang.AssertionError: All the filter options are not displaying expected [9] but found [5]
	at com.qa.sonyops.testcases.SearchLibraryPageTest.ValidateFilterOptionsInSearchLibrary(SearchLibraryPageTest.java:168)
... Removed 30 stack frames</pre></div><a href='#' onClick='toggleBox("stack-trace1850312254", this, "Click to show all stack frames", "Click to hide stack frames")'>Click to show all stack frames</a>
<div class='stack-trace' id='stack-trace1850312254'><pre>java.lang.AssertionError: All the filter options are not displaying expected [9] but found [5]
	at org.testng.Assert.fail(Assert.java:94)
	at org.testng.Assert.failNotEquals(Assert.java:513)
	at org.testng.Assert.assertEqualsImpl(Assert.java:135)
	at org.testng.Assert.assertEquals(Assert.java:116)
	at org.testng.Assert.assertEquals(Assert.java:389)
	at com.qa.sonyops.testcases.SearchLibraryPageTest.ValidateFilterOptionsInSearchLibrary(SearchLibraryPageTest.java:168)
	at java.base/jdk.internal.reflect.NativeMethodAccessorImpl.invoke0(Native Method)
	at java.base/jdk.internal.reflect.NativeMethodAccessorImpl.invoke(NativeMethodAccessorImpl.java:62)
	at java.base/jdk.internal.reflect.DelegatingMethodAccessorImpl.invoke(DelegatingMethodAccessorImpl.java:43)
	at java.base/java.lang.reflect.Method.invoke(Method.java:567)
	at org.testng.internal.MethodInvocationHelper.invokeMethod(MethodInvocationHelper.java:104)
	at org.testng.internal.Invoker.invokeMethod(Invoker.java:645)
	at org.testng.internal.Invoker.retryFailed(Invoker.java:998)
	at org.testng.internal.Invoker.invokeTestMethods(Invoker.java:1200)
	at org.testng.internal.TestMethodWorker.invokeTestMethods(TestMethodWorker.java:129)
	at org.testng.internal.TestMethodWorker.run(TestMethodWorker.java:112)
	at org.testng.TestRunner.privateRun(TestRunner.java:756)
	at org.testng.TestRunner.run(TestRunner.java:610)
	at org.testng.SuiteRunner.runTest(SuiteRunner.java:387)
	at org.testng.SuiteRunner.runSequentially(SuiteRunner.java:382)
	at org.testng.SuiteRunner.privateRun(SuiteRunner.java:340)
	at org.testng.SuiteRunner.run(SuiteRunner.java:289)
	at org.testng.SuiteRunnerWorker.runSuite(SuiteRunnerWorker.java:52)
	at org.testng.SuiteRunnerWorker.run(SuiteRunnerWorker.java:86)
	at org.testng.TestNG.runSuitesSequentially(TestNG.java:1293)
	at org.testng.TestNG.runSuitesLocally(TestNG.java:1218)
	at org.testng.TestNG.runSuites(TestNG.java:1133)
	at org.testng.TestNG.run(TestNG.java:1104)
	at org.testng.remote.AbstractRemoteTestNG.run(AbstractRemoteTestNG.java:115)
	at org.testng.remote.RemoteTestNG.initAndRun(RemoteTestNG.java:251)
	at org.testng.remote.RemoteTestNG.main(RemoteTestNG.java:77)
</pre></div></td>
<td>2</td>
<td>com.qa.sonyops.testcases.SearchLibraryPageTest@20140db9</td></tr>
<tr>
<td title='com.qa.sonyops.testcases.SearchLibraryPageTest.ValidateStandalonePlayerIsStreaming()'><b>ValidateStandalonePlayerIsStreaming</b><br>Test class: com.qa.sonyops.testcases.SearchLibraryPageTest</td>
<td><div><pre>java.lang.AssertionError: Streaming is not happening expected [true] but found [false]
	at com.qa.sonyops.testcases.SearchLibraryPageTest.ValidateStandalonePlayerIsStreaming(SearchLibraryPageTest.java:66)
... Removed 28 stack frames</pre></div><a href='#' onClick='toggleBox("stack-trace1594065480", this, "Click to show all stack frames", "Click to hide stack frames")'>Click to show all stack frames</a>
<div class='stack-trace' id='stack-trace1594065480'><pre>java.lang.AssertionError: Streaming is not happening expected [true] but found [false]
	at org.testng.Assert.fail(Assert.java:94)
	at org.testng.Assert.failNotEquals(Assert.java:513)
	at org.testng.Assert.assertTrue(Assert.java:42)
	at com.qa.sonyops.testcases.SearchLibraryPageTest.ValidateStandalonePlayerIsStreaming(SearchLibraryPageTest.java:66)
	at java.base/jdk.internal.reflect.NativeMethodAccessorImpl.invoke0(Native Method)
	at java.base/jdk.internal.reflect.NativeMethodAccessorImpl.invoke(NativeMethodAccessorImpl.java:62)
	at java.base/jdk.internal.reflect.DelegatingMethodAccessorImpl.invoke(DelegatingMethodAccessorImpl.java:43)
	at java.base/java.lang.reflect.Method.invoke(Method.java:567)
	at org.testng.internal.MethodInvocationHelper.invokeMethod(MethodInvocationHelper.java:104)
	at org.testng.internal.Invoker.invokeMethod(Invoker.java:645)
	at org.testng.internal.Invoker.invokeTestMethod(Invoker.java:851)
	at org.testng.internal.Invoker.invokeTestMethods(Invoker.java:1177)
	at org.testng.internal.TestMethodWorker.invokeTestMethods(TestMethodWorker.java:129)
	at org.testng.internal.TestMethodWorker.run(TestMethodWorker.java:112)
	at org.testng.TestRunner.privateRun(TestRunner.java:756)
	at org.testng.TestRunner.run(TestRunner.java:610)
	at org.testng.SuiteRunner.runTest(SuiteRunner.java:387)
	at org.testng.SuiteRunner.runSequentially(SuiteRunner.java:382)
	at org.testng.SuiteRunner.privateRun(SuiteRunner.java:340)
	at org.testng.SuiteRunner.run(SuiteRunner.java:289)
	at org.testng.SuiteRunnerWorker.runSuite(SuiteRunnerWorker.java:52)
	at org.testng.SuiteRunnerWorker.run(SuiteRunnerWorker.java:86)
	at org.testng.TestNG.runSuitesSequentially(TestNG.java:1293)
	at org.testng.TestNG.runSuitesLocally(TestNG.java:1218)
	at org.testng.TestNG.runSuites(TestNG.java:1133)
	at org.testng.TestNG.run(TestNG.java:1104)
	at org.testng.remote.AbstractRemoteTestNG.run(AbstractRemoteTestNG.java:115)
	at org.testng.remote.RemoteTestNG.initAndRun(RemoteTestNG.java:251)
	at org.testng.remote.RemoteTestNG.main(RemoteTestNG.java:77)
</pre></div></td>
<td>303</td>
<td>com.qa.sonyops.testcases.SearchLibraryPageTest@20140db9</td></tr>
<tr>
<td title='com.qa.sonyops.testcases.SearchLibraryPageTest.ValidateStandalonePlayerIsStreaming()'><b>ValidateStandalonePlayerIsStreaming</b><br>Test class: com.qa.sonyops.testcases.SearchLibraryPageTest</td>
<td><div><pre>java.lang.AssertionError: Streaming is not happening expected [true] but found [false]
	at com.qa.sonyops.testcases.SearchLibraryPageTest.ValidateStandalonePlayerIsStreaming(SearchLibraryPageTest.java:66)
... Removed 28 stack frames</pre></div><a href='#' onClick='toggleBox("stack-trace564143446", this, "Click to show all stack frames", "Click to hide stack frames")'>Click to show all stack frames</a>
<div class='stack-trace' id='stack-trace564143446'><pre>java.lang.AssertionError: Streaming is not happening expected [true] but found [false]
	at org.testng.Assert.fail(Assert.java:94)
	at org.testng.Assert.failNotEquals(Assert.java:513)
	at org.testng.Assert.assertTrue(Assert.java:42)
	at com.qa.sonyops.testcases.SearchLibraryPageTest.ValidateStandalonePlayerIsStreaming(SearchLibraryPageTest.java:66)
	at java.base/jdk.internal.reflect.NativeMethodAccessorImpl.invoke0(Native Method)
	at java.base/jdk.internal.reflect.NativeMethodAccessorImpl.invoke(NativeMethodAccessorImpl.java:62)
	at java.base/jdk.internal.reflect.DelegatingMethodAccessorImpl.invoke(DelegatingMethodAccessorImpl.java:43)
	at java.base/java.lang.reflect.Method.invoke(Method.java:567)
	at org.testng.internal.MethodInvocationHelper.invokeMethod(MethodInvocationHelper.java:104)
	at org.testng.internal.Invoker.invokeMethod(Invoker.java:645)
	at org.testng.internal.Invoker.retryFailed(Invoker.java:998)
	at org.testng.internal.Invoker.invokeTestMethods(Invoker.java:1200)
	at org.testng.internal.TestMethodWorker.invokeTestMethods(TestMethodWorker.java:129)
	at org.testng.internal.TestMethodWorker.run(TestMethodWorker.java:112)
	at org.testng.TestRunner.privateRun(TestRunner.java:756)
	at org.testng.TestRunner.run(TestRunner.java:610)
	at org.testng.SuiteRunner.runTest(SuiteRunner.java:387)
	at org.testng.SuiteRunner.runSequentially(SuiteRunner.java:382)
	at org.testng.SuiteRunner.privateRun(SuiteRunner.java:340)
	at org.testng.SuiteRunner.run(SuiteRunner.java:289)
	at org.testng.SuiteRunnerWorker.runSuite(SuiteRunnerWorker.java:52)
	at org.testng.SuiteRunnerWorker.run(SuiteRunnerWorker.java:86)
	at org.testng.TestNG.runSuitesSequentially(TestNG.java:1293)
	at org.testng.TestNG.runSuitesLocally(TestNG.java:1218)
	at org.testng.TestNG.runSuites(TestNG.java:1133)
	at org.testng.TestNG.run(TestNG.java:1104)
	at org.testng.remote.AbstractRemoteTestNG.run(AbstractRemoteTestNG.java:115)
	at org.testng.remote.RemoteTestNG.initAndRun(RemoteTestNG.java:251)
	at org.testng.remote.RemoteTestNG.main(RemoteTestNG.java:77)
</pre></div></td>
<td>304</td>
<td>com.qa.sonyops.testcases.SearchLibraryPageTest@20140db9</td></tr>
<tr>
<td title='com.qa.sonyops.testcases.SearchLibraryPageTest.ValidateStreamingFromAssetDetailPopUp()'><b>ValidateStreamingFromAssetDetailPopUp</b><br>Test class: com.qa.sonyops.testcases.SearchLibraryPageTest</td>
<td><div><pre>java.lang.AssertionError: expected [true] but found [false]
	at com.qa.sonyops.testcases.SearchLibraryPageTest.ValidateStreamingFromAssetDetailPopUp(SearchLibraryPageTest.java:134)
... Removed 29 stack frames</pre></div><a href='#' onClick='toggleBox("stack-trace1087598842", this, "Click to show all stack frames", "Click to hide stack frames")'>Click to show all stack frames</a>
<div class='stack-trace' id='stack-trace1087598842'><pre>java.lang.AssertionError: expected [true] but found [false]
	at org.testng.Assert.fail(Assert.java:94)
	at org.testng.Assert.failNotEquals(Assert.java:513)
	at org.testng.Assert.assertTrue(Assert.java:42)
	at org.testng.Assert.assertTrue(Assert.java:52)
	at com.qa.sonyops.testcases.SearchLibraryPageTest.ValidateStreamingFromAssetDetailPopUp(SearchLibraryPageTest.java:134)
	at java.base/jdk.internal.reflect.NativeMethodAccessorImpl.invoke0(Native Method)
	at java.base/jdk.internal.reflect.NativeMethodAccessorImpl.invoke(NativeMethodAccessorImpl.java:62)
	at java.base/jdk.internal.reflect.DelegatingMethodAccessorImpl.invoke(DelegatingMethodAccessorImpl.java:43)
	at java.base/java.lang.reflect.Method.invoke(Method.java:567)
	at org.testng.internal.MethodInvocationHelper.invokeMethod(MethodInvocationHelper.java:104)
	at org.testng.internal.Invoker.invokeMethod(Invoker.java:645)
	at org.testng.internal.Invoker.invokeTestMethod(Invoker.java:851)
	at org.testng.internal.Invoker.invokeTestMethods(Invoker.java:1177)
	at org.testng.internal.TestMethodWorker.invokeTestMethods(TestMethodWorker.java:129)
	at org.testng.internal.TestMethodWorker.run(TestMethodWorker.java:112)
	at org.testng.TestRunner.privateRun(TestRunner.java:756)
	at org.testng.TestRunner.run(TestRunner.java:610)
	at org.testng.SuiteRunner.runTest(SuiteRunner.java:387)
	at org.testng.SuiteRunner.runSequentially(SuiteRunner.java:382)
	at org.testng.SuiteRunner.privateRun(SuiteRunner.java:340)
	at org.testng.SuiteRunner.run(SuiteRunner.java:289)
	at org.testng.SuiteRunnerWorker.runSuite(SuiteRunnerWorker.java:52)
	at org.testng.SuiteRunnerWorker.run(SuiteRunnerWorker.java:86)
	at org.testng.TestNG.runSuitesSequentially(TestNG.java:1293)
	at org.testng.TestNG.runSuitesLocally(TestNG.java:1218)
	at org.testng.TestNG.runSuites(TestNG.java:1133)
	at org.testng.TestNG.run(TestNG.java:1104)
	at org.testng.remote.AbstractRemoteTestNG.run(AbstractRemoteTestNG.java:115)
	at org.testng.remote.RemoteTestNG.initAndRun(RemoteTestNG.java:251)
	at org.testng.remote.RemoteTestNG.main(RemoteTestNG.java:77)
</pre></div></td>
<td>303</td>
<td>com.qa.sonyops.testcases.SearchLibraryPageTest@20140db9</td></tr>
<tr>
<td title='com.qa.sonyops.testcases.SearchLibraryPageTest.ValidateStreamingFromAssetDetailPopUp()'><b>ValidateStreamingFromAssetDetailPopUp</b><br>Test class: com.qa.sonyops.testcases.SearchLibraryPageTest</td>
<td><div><pre>java.lang.AssertionError: expected [true] but found [false]
	at com.qa.sonyops.testcases.SearchLibraryPageTest.ValidateStreamingFromAssetDetailPopUp(SearchLibraryPageTest.java:134)
... Removed 29 stack frames</pre></div><a href='#' onClick='toggleBox("stack-trace861286727", this, "Click to show all stack frames", "Click to hide stack frames")'>Click to show all stack frames</a>
<div class='stack-trace' id='stack-trace861286727'><pre>java.lang.AssertionError: expected [true] but found [false]
	at org.testng.Assert.fail(Assert.java:94)
	at org.testng.Assert.failNotEquals(Assert.java:513)
	at org.testng.Assert.assertTrue(Assert.java:42)
	at org.testng.Assert.assertTrue(Assert.java:52)
	at com.qa.sonyops.testcases.SearchLibraryPageTest.ValidateStreamingFromAssetDetailPopUp(SearchLibraryPageTest.java:134)
	at java.base/jdk.internal.reflect.NativeMethodAccessorImpl.invoke0(Native Method)
	at java.base/jdk.internal.reflect.NativeMethodAccessorImpl.invoke(NativeMethodAccessorImpl.java:62)
	at java.base/jdk.internal.reflect.DelegatingMethodAccessorImpl.invoke(DelegatingMethodAccessorImpl.java:43)
	at java.base/java.lang.reflect.Method.invoke(Method.java:567)
	at org.testng.internal.MethodInvocationHelper.invokeMethod(MethodInvocationHelper.java:104)
	at org.testng.internal.Invoker.invokeMethod(Invoker.java:645)
	at org.testng.internal.Invoker.retryFailed(Invoker.java:998)
	at org.testng.internal.Invoker.invokeTestMethods(Invoker.java:1200)
	at org.testng.internal.TestMethodWorker.invokeTestMethods(TestMethodWorker.java:129)
	at org.testng.internal.TestMethodWorker.run(TestMethodWorker.java:112)
	at org.testng.TestRunner.privateRun(TestRunner.java:756)
	at org.testng.TestRunner.run(TestRunner.java:610)
	at org.testng.SuiteRunner.runTest(SuiteRunner.java:387)
	at org.testng.SuiteRunner.runSequentially(SuiteRunner.java:382)
	at org.testng.SuiteRunner.privateRun(SuiteRunner.java:340)
	at org.testng.SuiteRunner.run(SuiteRunner.java:289)
	at org.testng.SuiteRunnerWorker.runSuite(SuiteRunnerWorker.java:52)
	at org.testng.SuiteRunnerWorker.run(SuiteRunnerWorker.java:86)
	at org.testng.TestNG.runSuitesSequentially(TestNG.java:1293)
	at org.testng.TestNG.runSuitesLocally(TestNG.java:1218)
	at org.testng.TestNG.runSuites(TestNG.java:1133)
	at org.testng.TestNG.run(TestNG.java:1104)
	at org.testng.remote.AbstractRemoteTestNG.run(AbstractRemoteTestNG.java:115)
	at org.testng.remote.RemoteTestNG.initAndRun(RemoteTestNG.java:251)
	at org.testng.remote.RemoteTestNG.main(RemoteTestNG.java:77)
</pre></div></td>
<td>303</td>
<td>com.qa.sonyops.testcases.SearchLibraryPageTest@20140db9</td></tr>
</table><p>
</body>
</html>