<?xml version="1.0" encoding="UTF-8"?>
<!-- Generated by org.testng.reporters.JUnitXMLReporter -->
<testsuite ignored="1" hostname="PFTBLR-RMZ-021" failures="4" tests="17" name="SonyOps Test cases" time="885.244" errors="0" timestamp="23 Apr 2021 10:00:37 GMT">
  <testcase classname="com.qa.sonyops.testcases.SearchLibraryPageTest" name="ValidateStandalonePlayerIsDisplaying" time="5.956"/>
  <testcase classname="com.qa.sonyops.testcases.SearchLibraryPageTest" name="ValidateStandalonePlayerIsStreaming" time="305.11">
    <failure type="java.lang.AssertionError" message="Streaming is not happening expected [true] but found [false]">
      <![CDATA[java.lang.AssertionError: Streaming is not happening expected [true] but found [false]
	at com.qa.sonyops.testcases.SearchLibraryPageTest.ValidateStandalonePlayerIsStreaming(SearchLibraryPageTest.java:65)
... Removed 28 stack frames]]>
    </failure>
  </testcase> <!-- ValidateStandalonePlayerIsStreaming -->
  <testcase classname="com.qa.sonyops.testcases.SearchLibraryPageTest" name="ValidateAssetDetailsIsDisplaying" time="0.098"/>
  <testcase classname="com.qa.sonyops.testcases.SearchLibraryPageTest" name="ValidateInformationModeIsDiaplaying" time="0.905"/>
  <testcase classname="com.qa.sonyops.testcases.SearchLibraryPageTest" name="ValidateMetaDataInAssetDetailsPopUp" time="2.764"/>
  <testcase classname="com.qa.sonyops.testcases.SearchLibraryPageTest" name="ValidateAuditTrialTabDetails" time="3.703">
    <failure type="java.lang.AssertionError" message="expected [true] but found [false]">
      <![CDATA[java.lang.AssertionError: expected [true] but found [false]
	at com.qa.sonyops.testcases.SearchLibraryPageTest.ValidateAuditTrialTabDetails(SearchLibraryPageTest.java:97)
... Removed 29 stack frames]]>
    </failure>
  </testcase> <!-- ValidateAuditTrialTabDetails -->
  <testcase classname="com.qa.sonyops.testcases.SearchLibraryPageTest" name="ValidateEssenceTabDetails" time="7.123"/>
  <testcase classname="com.qa.sonyops.testcases.SearchLibraryPageTest" name="ValidateOpsactionTab" time="3.593"/>
  <testcase classname="com.qa.sonyops.testcases.SearchLibraryPageTest" name="ValidateStreamingFromAssetDetailPopUp" time="304.902">
    <failure type="java.lang.AssertionError" message="expected [true] but found [false]">
      <![CDATA[java.lang.AssertionError: expected [true] but found [false]
	at com.qa.sonyops.testcases.SearchLibraryPageTest.ValidateStreamingFromAssetDetailPopUp(SearchLibraryPageTest.java:124)
... Removed 29 stack frames]]>
    </failure>
  </testcase> <!-- ValidateStreamingFromAssetDetailPopUp -->
  <testcase classname="com.qa.sonyops.testcases.SearchLibraryPageTest" name="ValidateCartPageIsDisplaying" time="0.752"/>
  <testcase classname="com.qa.sonyops.testcases.SearchLibraryPageTest" name="ValidateCartCount_WithAssetsAdded" time="0.722"/>
  <testcase classname="com.qa.sonyops.testcases.SearchLibraryPageTest" name="ValidateFilterOptionsInSearchLibrary" time="2.476">
    <failure type="java.lang.AssertionError" message="All the filter options are not displaying expected [9] but found [5]">
      <![CDATA[java.lang.AssertionError: All the filter options are not displaying expected [9] but found [5]
	at com.qa.sonyops.testcases.SearchLibraryPageTest.ValidateFilterOptionsInSearchLibrary(SearchLibraryPageTest.java:154)
... Removed 30 stack frames]]>
    </failure>
  </testcase> <!-- ValidateFilterOptionsInSearchLibrary -->
  <testcase classname="com.qa.sonyops.testcases.SearchLibraryPageTest" name="ValidateContentsCount" time="4.502"/>
  <testcase classname="com.qa.sonyops.testcases.SearchLibraryPageTest" name="ValidateSortOptionsIsDisplaying" time="0.033"/>
  <testcase classname="com.qa.sonyops.testcases.SearchLibraryPageTest" name="ValidateSortOptionsInSearchLibrary" time="0.272"/>
  <testcase classname="com.qa.sonyops.testcases.SearchLibraryPageTest" name="ValidateAssetsAreDisplayingInListView" time="0.03"/>
  <testcase classname="com.qa.sonyops.testcases.SearchLibraryPageTest" name="ValidateAssetsAreDisplayingInGridView" time="0.147"/>
  <testcase classname="com.qa.sonyops.testcases.SearchLibraryPageTest" name="ValidateCart_ErrorMsg_clickedOnEmptyCart" time="0.0">
    <ignored/>
  </testcase> <!-- ValidateCart_ErrorMsg_clickedOnEmptyCart -->
</testsuite> <!-- SonyOps Test cases -->
