<?xml version="1.0" encoding="UTF-8"?>
<!-- Generated by org.testng.reporters.JUnitReportReporter -->
<testsuite hostname="PFTBLR-RMZ-021" failures="0" tests="5" name="com.qa.sonyops.testcases.SubtitlePageTest" time="2.648" errors="1" timestamp="2020-09-11T17:29:02 IST" skipped="4">
  <testcase classname="com.qa.sonyops.testcases.SubtitlePageTest" name="setup" time="2.648">
    <error message="unknown error: cannot create default profile directory
Build info: version: &#039;3.141.59&#039;, revision: &#039;e82be7d358&#039;, time: &#039;2018-11-14T08:17:03&#039;
System info: host: &#039;PFTBLR-RMZ-021&#039;, ip: &#039;10.1.176.221&#039;, os.name: &#039;Windows 10&#039;, os.arch: &#039;amd64&#039;, os.version: &#039;10.0&#039;, java.version: &#039;12.0.2&#039;
Driver info: driver.version: ChromeDriver
remote stacktrace: Backtrace:
	Ordinal0 [0x00FAD383+3134339]
	Ordinal0 [0x00E9A171+2007409]
	Ordinal0 [0x00D3AEE8+569064]
	Ordinal0 [0x00CC080A+67594]
	Ordinal0 [0x00CBDCEA+56554]
	Ordinal0 [0x00CE0DFC+200188]
	Ordinal0 [0x00CE0C1D+199709]
	Ordinal0 [0x00CDEB0B+191243]
	Ordinal0 [0x00CC2E77+77431]
	Ordinal0 [0x00CC3E3E+81470]
	Ordinal0 [0x00CC3DC9+81353]
	Ordinal0 [0x00EB0CD9+2100441]
	GetHandleVerifier [0x0111B75A+1396954]
	GetHandleVerifier [0x0111B3D9+1396057]
	GetHandleVerifier [0x01127126+1444518]
	GetHandleVerifier [0x0111BCE8+1398376]
	Ordinal0 [0x00EA7F51+2064209]
	Ordinal0 [0x00EB22EB+2106091]
	Ordinal0 [0x00EB2411+2106385]
	Ordinal0 [0x00EC49C4+2181572]
	BaseThreadInitThunk [0x75270419+25]
	RtlGetAppContainerNamedObjectPath [0x774C66DD+237]
	RtlGetAppContainerNamedObjectPath [0x774C66AD+189]
" type="org.openqa.selenium.WebDriverException">
      <![CDATA[org.openqa.selenium.WebDriverException: unknown error: cannot create default profile directory
Build info: version: '3.141.59', revision: 'e82be7d358', time: '2018-11-14T08:17:03'
System info: host: 'PFTBLR-RMZ-021', ip: '10.1.176.221', os.name: 'Windows 10', os.arch: 'amd64', os.version: '10.0', java.version: '12.0.2'
Driver info: driver.version: ChromeDriver
remote stacktrace: Backtrace:
Ordinal0 [0x00FAD383+3134339]
Ordinal0 [0x00E9A171+2007409]
Ordinal0 [0x00D3AEE8+569064]
Ordinal0 [0x00CC080A+67594]
Ordinal0 [0x00CBDCEA+56554]
Ordinal0 [0x00CE0DFC+200188]
Ordinal0 [0x00CE0C1D+199709]
Ordinal0 [0x00CDEB0B+191243]
Ordinal0 [0x00CC2E77+77431]
Ordinal0 [0x00CC3E3E+81470]
Ordinal0 [0x00CC3DC9+81353]
Ordinal0 [0x00EB0CD9+2100441]
GetHandleVerifier [0x0111B75A+1396954]
GetHandleVerifier [0x0111B3D9+1396057]
GetHandleVerifier [0x01127126+1444518]
GetHandleVerifier [0x0111BCE8+1398376]
Ordinal0 [0x00EA7F51+2064209]
Ordinal0 [0x00EB22EB+2106091]
Ordinal0 [0x00EB2411+2106385]
Ordinal0 [0x00EC49C4+2181572]
BaseThreadInitThunk [0x75270419+25]
RtlGetAppContainerNamedObjectPath [0x774C66DD+237]
RtlGetAppContainerNamedObjectPath [0x774C66AD+189]

at java.base/jdk.internal.reflect.NativeConstructorAccessorImpl.newInstance0(Native Method)
at java.base/jdk.internal.reflect.NativeConstructorAccessorImpl.newInstance(NativeConstructorAccessorImpl.java:62)
at java.base/jdk.internal.reflect.DelegatingConstructorAccessorImpl.newInstance(DelegatingConstructorAccessorImpl.java:45)
at java.base/java.lang.reflect.Constructor.newInstanceWithCaller(Constructor.java:500)
at java.base/java.lang.reflect.Constructor.newInstance(Constructor.java:481)
at org.openqa.selenium.remote.W3CHandshakeResponse.lambda$errorHandler$0(W3CHandshakeResponse.java:62)
at org.openqa.selenium.remote.HandshakeResponse.lambda$getResponseFunction$0(HandshakeResponse.java:30)
at org.openqa.selenium.remote.ProtocolHandshake.lambda$createSession$0(ProtocolHandshake.java:126)
at java.base/java.util.stream.ReferencePipeline$3$1.accept(ReferencePipeline.java:195)
at java.base/java.util.Spliterators$ArraySpliterator.tryAdvance(Spliterators.java:958)
at java.base/java.util.stream.ReferencePipeline.forEachWithCancel(ReferencePipeline.java:127)
at java.base/java.util.stream.AbstractPipeline.copyIntoWithCancel(AbstractPipeline.java:502)
at java.base/java.util.stream.AbstractPipeline.copyInto(AbstractPipeline.java:488)
at java.base/java.util.stream.AbstractPipeline.wrapAndCopyInto(AbstractPipeline.java:474)
at java.base/java.util.stream.FindOps$FindOp.evaluateSequential(FindOps.java:150)
at java.base/java.util.stream.AbstractPipeline.evaluate(AbstractPipeline.java:234)
at java.base/java.util.stream.ReferencePipeline.findFirst(ReferencePipeline.java:543)
at org.openqa.selenium.remote.ProtocolHandshake.createSession(ProtocolHandshake.java:128)
at org.openqa.selenium.remote.ProtocolHandshake.createSession(ProtocolHandshake.java:74)
at org.openqa.selenium.remote.HttpCommandExecutor.execute(HttpCommandExecutor.java:136)
at org.openqa.selenium.remote.service.DriverCommandExecutor.execute(DriverCommandExecutor.java:83)
at org.openqa.selenium.remote.RemoteWebDriver.execute(RemoteWebDriver.java:552)
at org.openqa.selenium.remote.RemoteWebDriver.startSession(RemoteWebDriver.java:213)
at org.openqa.selenium.remote.RemoteWebDriver.<init>(RemoteWebDriver.java:131)
at org.openqa.selenium.chrome.ChromeDriver.<init>(ChromeDriver.java:181)
at org.openqa.selenium.chrome.ChromeDriver.<init>(ChromeDriver.java:168)
at org.openqa.selenium.chrome.ChromeDriver.<init>(ChromeDriver.java:157)
at com.qa.sonyops.testcases.SubtitlePageTest.initialisation(SubtitlePageTest.java:76)
at com.qa.sonyops.testcases.SubtitlePageTest.setup(SubtitlePageTest.java:47)
at java.base/jdk.internal.reflect.NativeMethodAccessorImpl.invoke0(Native Method)
at java.base/jdk.internal.reflect.NativeMethodAccessorImpl.invoke(NativeMethodAccessorImpl.java:62)
at java.base/jdk.internal.reflect.DelegatingMethodAccessorImpl.invoke(DelegatingMethodAccessorImpl.java:43)
at java.base/java.lang.reflect.Method.invoke(Method.java:567)
at org.testng.internal.MethodInvocationHelper.invokeMethod(MethodInvocationHelper.java:132)
at org.testng.internal.MethodInvocationHelper.invokeMethodConsideringTimeout(MethodInvocationHelper.java:61)
at org.testng.internal.ConfigInvoker.invokeConfigurationMethod(ConfigInvoker.java:366)
at org.testng.internal.ConfigInvoker.invokeConfigurations(ConfigInvoker.java:320)
at org.testng.internal.TestInvoker.runConfigMethods(TestInvoker.java:701)
at org.testng.internal.TestInvoker.invokeMethod(TestInvoker.java:527)
at org.testng.internal.TestInvoker.invokeTestMethod(TestInvoker.java:174)
at org.testng.internal.MethodRunner.runInSequence(MethodRunner.java:46)
at org.testng.internal.TestInvoker$MethodInvocationAgent.invoke(TestInvoker.java:822)
at org.testng.internal.TestInvoker.invokeTestMethods(TestInvoker.java:147)
at org.testng.internal.TestMethodWorker.invokeTestMethods(TestMethodWorker.java:146)
at org.testng.internal.TestMethodWorker.run(TestMethodWorker.java:128)
at java.base/java.util.ArrayList.forEach(ArrayList.java:1540)
at org.testng.TestRunner.privateRun(TestRunner.java:764)
at org.testng.TestRunner.run(TestRunner.java:585)
at org.testng.SuiteRunner.runTest(SuiteRunner.java:384)
at org.testng.SuiteRunner.runSequentially(SuiteRunner.java:378)
at org.testng.SuiteRunner.privateRun(SuiteRunner.java:337)
at org.testng.SuiteRunner.run(SuiteRunner.java:286)
at org.testng.SuiteRunnerWorker.runSuite(SuiteRunnerWorker.java:53)
at org.testng.SuiteRunnerWorker.run(SuiteRunnerWorker.java:96)
at org.testng.TestNG.runSuitesSequentially(TestNG.java:1218)
at org.testng.TestNG.runSuitesLocally(TestNG.java:1140)
at org.testng.TestNG.runSuites(TestNG.java:1069)
at org.testng.TestNG.run(TestNG.java:1037)
at org.testng.remote.AbstractRemoteTestNG.run(AbstractRemoteTestNG.java:115)
at org.testng.remote.RemoteTestNG.initAndRun(RemoteTestNG.java:251)
at org.testng.remote.RemoteTestNG.main(RemoteTestNG.java:77)
]]>
    </error>
  </testcase> <!-- setup -->
  <system-out/>
  <testcase classname="com.qa.sonyops.testcases.SubtitlePageTest" name="ValidateSubtitleStatusFilter" time="0.000">
    <skipped/>
  </testcase> <!-- ValidateSubtitleStatusFilter -->
  <system-out/>
  <testcase classname="com.qa.sonyops.testcases.SubtitlePageTest" name="SubmitSubtitleStatusAndCaptureAlertMessage" time="0.000">
    <skipped/>
  </testcase> <!-- SubmitSubtitleStatusAndCaptureAlertMessage -->
  <system-out/>
  <testcase classname="com.qa.sonyops.testcases.SubtitlePageTest" name="ValidateSubtitleStatusIsChangedAfterSubmittingStatus" time="0.000">
    <skipped/>
  </testcase> <!-- ValidateSubtitleStatusIsChangedAfterSubmittingStatus -->
  <system-out/>
  <testcase classname="com.qa.sonyops.testcases.SubtitlePageTest" name="ValiadteEssenceUpload" time="0.000">
    <skipped/>
  </testcase> <!-- ValiadteEssenceUpload -->
  <system-out/>
</testsuite> <!-- com.qa.sonyops.testcases.SubtitlePageTest -->
