<?xml version="1.0" encoding="UTF-8"?>
<!-- Generated by org.testng.reporters.JUnitReportReporter -->
<testsuite ignored="1" hostname="PFTBLR-RMZ-021" failures="3" tests="23" name="com.qa.sonyops.testcases.SearchLibraryPageTest" time="2191.516" errors="0" timestamp="27 Apr 2021 13:35:12 GMT" skipped="6">
  <testcase classname="com.qa.sonyops.testcases.SearchLibraryPageTest" name="ValidateStandalonePlayerIsStreaming" time="336.520">
    <failure message="Streaming is not happening expected [true] but found [false]" type="java.lang.AssertionError">
      <![CDATA[java.lang.AssertionError: Streaming is not happening expected [true] but found [false]
	at org.testng.Assert.fail(Assert.java:94)
	at org.testng.Assert.failNotEquals(Assert.java:513)
	at org.testng.Assert.assertTrue(Assert.java:42)
	at com.qa.sonyops.testcases.SearchLibraryPageTest.ValidateStandalonePlayerIsStreaming(SearchLibraryPageTest.java:66)
	at java.base/jdk.internal.reflect.NativeMethodAccessorImpl.invoke0(Native Method)
	at java.base/jdk.internal.reflect.NativeMethodAccessorImpl.invoke(NativeMethodAccessorImpl.java:62)
	at java.base/jdk.internal.reflect.DelegatingMethodAccessorImpl.invoke(DelegatingMethodAccessorImpl.java:43)
	at java.base/java.lang.reflect.Method.invoke(Method.java:567)
	at org.testng.internal.MethodInvocationHelper.invokeMethod(MethodInvocationHelper.java:104)
	at org.testng.internal.Invoker.invokeMethod(Invoker.java:645)
	at org.testng.internal.Invoker.retryFailed(Invoker.java:998)
	at org.testng.internal.Invoker.invokeTestMethods(Invoker.java:1200)
	at org.testng.internal.TestMethodWorker.invokeTestMethods(TestMethodWorker.java:129)
	at org.testng.internal.TestMethodWorker.run(TestMethodWorker.java:112)
	at org.testng.TestRunner.privateRun(TestRunner.java:756)
	at org.testng.TestRunner.run(TestRunner.java:610)
	at org.testng.SuiteRunner.runTest(SuiteRunner.java:387)
	at org.testng.SuiteRunner.runSequentially(SuiteRunner.java:382)
	at org.testng.SuiteRunner.privateRun(SuiteRunner.java:340)
	at org.testng.SuiteRunner.run(SuiteRunner.java:289)
	at org.testng.SuiteRunnerWorker.runSuite(SuiteRunnerWorker.java:52)
	at org.testng.SuiteRunnerWorker.run(SuiteRunnerWorker.java:86)
	at org.testng.TestNG.runSuitesSequentially(TestNG.java:1293)
	at org.testng.TestNG.runSuitesLocally(TestNG.java:1218)
	at org.testng.TestNG.runSuites(TestNG.java:1133)
	at org.testng.TestNG.run(TestNG.java:1104)
	at org.testng.remote.AbstractRemoteTestNG.run(AbstractRemoteTestNG.java:115)
	at org.testng.remote.RemoteTestNG.initAndRun(RemoteTestNG.java:251)
	at org.testng.remote.RemoteTestNG.main(RemoteTestNG.java:77)
]]>
    </failure>
  </testcase> <!-- ValidateStandalonePlayerIsStreaming -->
  <testcase classname="com.qa.sonyops.testcases.SearchLibraryPageTest" name="ValidateOpsactionTab" time="15.177"/>
  <testcase classname="com.qa.sonyops.testcases.SearchLibraryPageTest" name="ValidateFilterOptionsInSearchLibrary" time="16.946">
    <skipped/>
  </testcase> <!-- ValidateFilterOptionsInSearchLibrary -->
  <testcase classname="com.qa.sonyops.testcases.SearchLibraryPageTest" name="ValidateEssenceTabDetails" time="16.062"/>
  <testcase classname="com.qa.sonyops.testcases.SearchLibraryPageTest" name="ValidateMetaDataInAssetDetailsPopUp" time="16.041"/>
  <testcase classname="com.qa.sonyops.testcases.SearchLibraryPageTest" name="ValidateFilterOptionsInSearchLibrary" time="14.297">
    <failure message="All the filter options are not displaying expected [9] but found [5]" type="java.lang.AssertionError">
      <![CDATA[java.lang.AssertionError: All the filter options are not displaying expected [9] but found [5]
	at org.testng.Assert.fail(Assert.java:94)
	at org.testng.Assert.failNotEquals(Assert.java:513)
	at org.testng.Assert.assertEqualsImpl(Assert.java:135)
	at org.testng.Assert.assertEquals(Assert.java:116)
	at org.testng.Assert.assertEquals(Assert.java:389)
	at com.qa.sonyops.testcases.SearchLibraryPageTest.ValidateFilterOptionsInSearchLibrary(SearchLibraryPageTest.java:168)
	at java.base/jdk.internal.reflect.NativeMethodAccessorImpl.invoke0(Native Method)
	at java.base/jdk.internal.reflect.NativeMethodAccessorImpl.invoke(NativeMethodAccessorImpl.java:62)
	at java.base/jdk.internal.reflect.DelegatingMethodAccessorImpl.invoke(DelegatingMethodAccessorImpl.java:43)
	at java.base/java.lang.reflect.Method.invoke(Method.java:567)
	at org.testng.internal.MethodInvocationHelper.invokeMethod(MethodInvocationHelper.java:104)
	at org.testng.internal.Invoker.invokeMethod(Invoker.java:645)
	at org.testng.internal.Invoker.retryFailed(Invoker.java:998)
	at org.testng.internal.Invoker.invokeTestMethods(Invoker.java:1200)
	at org.testng.internal.TestMethodWorker.invokeTestMethods(TestMethodWorker.java:129)
	at org.testng.internal.TestMethodWorker.run(TestMethodWorker.java:112)
	at org.testng.TestRunner.privateRun(TestRunner.java:756)
	at org.testng.TestRunner.run(TestRunner.java:610)
	at org.testng.SuiteRunner.runTest(SuiteRunner.java:387)
	at org.testng.SuiteRunner.runSequentially(SuiteRunner.java:382)
	at org.testng.SuiteRunner.privateRun(SuiteRunner.java:340)
	at org.testng.SuiteRunner.run(SuiteRunner.java:289)
	at org.testng.SuiteRunnerWorker.runSuite(SuiteRunnerWorker.java:52)
	at org.testng.SuiteRunnerWorker.run(SuiteRunnerWorker.java:86)
	at org.testng.TestNG.runSuitesSequentially(TestNG.java:1293)
	at org.testng.TestNG.runSuitesLocally(TestNG.java:1218)
	at org.testng.TestNG.runSuites(TestNG.java:1133)
	at org.testng.TestNG.run(TestNG.java:1104)
	at org.testng.remote.AbstractRemoteTestNG.run(AbstractRemoteTestNG.java:115)
	at org.testng.remote.RemoteTestNG.initAndRun(RemoteTestNG.java:251)
	at org.testng.remote.RemoteTestNG.main(RemoteTestNG.java:77)
]]>
    </failure>
  </testcase> <!-- ValidateFilterOptionsInSearchLibrary -->
  <testcase classname="com.qa.sonyops.testcases.SearchLibraryPageTest" name="ValidateAuditTrialTabDetails" time="17.791"/>
  <testcase classname="com.qa.sonyops.testcases.SearchLibraryPageTest" name="ValidateCartCount_WithAssetsAdded" time="15.122"/>
  <testcase classname="com.qa.sonyops.testcases.SearchLibraryPageTest" name="ValidateStreamingFromAssetDetailPopUp" time="317.634">
    <failure message="expected [true] but found [false]" type="java.lang.AssertionError">
      <![CDATA[java.lang.AssertionError: expected [true] but found [false]
	at org.testng.Assert.fail(Assert.java:94)
	at org.testng.Assert.failNotEquals(Assert.java:513)
	at org.testng.Assert.assertTrue(Assert.java:42)
	at org.testng.Assert.assertTrue(Assert.java:52)
	at com.qa.sonyops.testcases.SearchLibraryPageTest.ValidateStreamingFromAssetDetailPopUp(SearchLibraryPageTest.java:134)
	at java.base/jdk.internal.reflect.NativeMethodAccessorImpl.invoke0(Native Method)
	at java.base/jdk.internal.reflect.NativeMethodAccessorImpl.invoke(NativeMethodAccessorImpl.java:62)
	at java.base/jdk.internal.reflect.DelegatingMethodAccessorImpl.invoke(DelegatingMethodAccessorImpl.java:43)
	at java.base/java.lang.reflect.Method.invoke(Method.java:567)
	at org.testng.internal.MethodInvocationHelper.invokeMethod(MethodInvocationHelper.java:104)
	at org.testng.internal.Invoker.invokeMethod(Invoker.java:645)
	at org.testng.internal.Invoker.retryFailed(Invoker.java:998)
	at org.testng.internal.Invoker.invokeTestMethods(Invoker.java:1200)
	at org.testng.internal.TestMethodWorker.invokeTestMethods(TestMethodWorker.java:129)
	at org.testng.internal.TestMethodWorker.run(TestMethodWorker.java:112)
	at org.testng.TestRunner.privateRun(TestRunner.java:756)
	at org.testng.TestRunner.run(TestRunner.java:610)
	at org.testng.SuiteRunner.runTest(SuiteRunner.java:387)
	at org.testng.SuiteRunner.runSequentially(SuiteRunner.java:382)
	at org.testng.SuiteRunner.privateRun(SuiteRunner.java:340)
	at org.testng.SuiteRunner.run(SuiteRunner.java:289)
	at org.testng.SuiteRunnerWorker.runSuite(SuiteRunnerWorker.java:52)
	at org.testng.SuiteRunnerWorker.run(SuiteRunnerWorker.java:86)
	at org.testng.TestNG.runSuitesSequentially(TestNG.java:1293)
	at org.testng.TestNG.runSuitesLocally(TestNG.java:1218)
	at org.testng.TestNG.runSuites(TestNG.java:1133)
	at org.testng.TestNG.run(TestNG.java:1104)
	at org.testng.remote.AbstractRemoteTestNG.run(AbstractRemoteTestNG.java:115)
	at org.testng.remote.RemoteTestNG.initAndRun(RemoteTestNG.java:251)
	at org.testng.remote.RemoteTestNG.main(RemoteTestNG.java:77)
]]>
    </failure>
  </testcase> <!-- ValidateStreamingFromAssetDetailPopUp -->
  <testcase classname="com.qa.sonyops.testcases.SearchLibraryPageTest" name="ValidateInformationModeIsDiaplaying" time="17.233"/>
  <testcase classname="com.qa.sonyops.testcases.SearchLibraryPageTest" name="ValidateStreamingFromAssetDetailPopUp" time="317.835">
    <skipped/>
  </testcase> <!-- ValidateStreamingFromAssetDetailPopUp -->
  <testcase classname="com.qa.sonyops.testcases.SearchLibraryPageTest" name="ValidateStandalonePlayerIsStreaming" time="317.242">
    <skipped/>
  </testcase> <!-- ValidateStandalonePlayerIsStreaming -->
  <testcase classname="com.qa.sonyops.testcases.SearchLibraryPageTest" name="ValidateAssetsAreDisplayingInGridView" time="12.571"/>
  <testcase classname="com.qa.sonyops.testcases.SearchLibraryPageTest" name="ValidateAssetsAreDisplayingInListView" time="12.852"/>
  <testcase classname="com.qa.sonyops.testcases.SearchLibraryPageTest" name="ValidateStandalonePlayerIsDisplaying" time="17.335"/>
  <testcase classname="com.qa.sonyops.testcases.SearchLibraryPageTest" name="ValidateStreamingFromAssetDetailPopUp" time="316.341">
    <skipped/>
  </testcase> <!-- ValidateStreamingFromAssetDetailPopUp -->
  <testcase classname="com.qa.sonyops.testcases.SearchLibraryPageTest" name="ValidateAssetDetailsIsDisplaying" time="13.896"/>
  <testcase classname="com.qa.sonyops.testcases.SearchLibraryPageTest" name="ValidateSortOptionsInSearchLibrary" time="15.208"/>
  <testcase classname="com.qa.sonyops.testcases.SearchLibraryPageTest" name="ValidateStandalonePlayerIsStreaming" time="319.565">
    <skipped/>
  </testcase> <!-- ValidateStandalonePlayerIsStreaming -->
  <testcase classname="com.qa.sonyops.testcases.SearchLibraryPageTest" name="ValidateCartPageIsDisplaying" time="14.997"/>
  <testcase classname="com.qa.sonyops.testcases.SearchLibraryPageTest" name="ValidateFilterOptionsInSearchLibrary" time="15.389">
    <skipped/>
  </testcase> <!-- ValidateFilterOptionsInSearchLibrary -->
  <testcase classname="com.qa.sonyops.testcases.SearchLibraryPageTest" name="ValidateSortOptionsIsDisplaying" time="14.652"/>
  <testcase classname="com.qa.sonyops.testcases.SearchLibraryPageTest" name="ValidateContentsCount" time="20.810"/>
  <testcase classname="com.qa.sonyops.testcases.SearchLibraryPageTest" name="ValidateCart_ErrorMsg_clickedOnEmptyCart">
    <skipped/>
  </testcase> <!-- ValidateCart_ErrorMsg_clickedOnEmptyCart -->
</testsuite> <!-- com.qa.sonyops.testcases.SearchLibraryPageTest -->
